
2024/11/05 (14:38:10) | ===> btop++ v.1.4.0
2024/11/05 (14:38:10) | ERROR: Couldn't determine terminal size of "STDOUT_FILENO"!
2024/11/05 (14:38:10) | ERROR: Couldn't determine terminal size of "/dev/tty"!

2025/01/09 (05:09:45) | ===> btop++ v.1.4.0
2025/01/09 (05:09:45) | ERROR: Couldn't determine terminal size of "STDOUT_FILENO"!

2025/01/09 (09:03:53) | ===> btop++ v.1.4.0
2025/01/09 (09:03:53) | ERROR: Stall in Runner thread, restarting!
2025/01/09 (09:04:00) | ERROR: Stall in Runner thread, restarting!

2025/01/18 (14:49:45) | ===> btop++ v.1.4.0
2025/01/18 (14:49:45) | WARNING: ROCm SMI: Failed to get maximum GPU temperature, defaulting to 110°C

2025/01/18 (14:50:42) | ===> btop++ v.1.4.0
2025/01/18 (14:50:42) | WARNING: ROCm SMI: Failed to get maximum GPU temperature, defaulting to 110°C

2025/02/02 (13:26:29) | ===> btop++ v.1.4.0
2025/02/02 (13:26:29) | WARNING: ROCm SMI: Failed to get maximum GPU temperature, defaulting to 110°C

2025/02/02 (13:52:15) | ===> btop++ v.1.4.0
2025/02/02 (13:52:15) | WARNING: ROCm SMI: Failed to get maximum GPU temperature, defaulting to 110°C

2025/02/02 (14:28:37) | ===> btop++ v.1.4.0
2025/02/02 (14:28:37) | WARNING: ROCm SMI: Failed to get maximum GPU temperature, defaulting to 110°C

2025/02/02 (15:20:49) | ===> btop++ v.1.4.0
2025/02/02 (15:20:49) | WARNING: ROCm SMI: Failed to get maximum GPU temperature, defaulting to 110°C

2025/02/02 (15:21:00) | ===> btop++ v.1.4.0
2025/02/02 (15:21:00) | WARNING: ROCm SMI: Failed to get maximum GPU temperature, defaulting to 110°C

2025/02/02 (16:19:48) | ===> btop++ v.1.4.0
2025/02/02 (16:19:48) | WARNING: ROCm SMI: Failed to get maximum GPU temperature, defaulting to 110°C

2025/02/02 (16:20:47) | ===> btop++ v.1.4.0
2025/02/02 (16:20:47) | WARNING: ROCm SMI: Failed to get maximum GPU temperature, defaulting to 110°C

2025/02/04 (08:29:53) | ===> btop++ v.1.4.0
2025/02/04 (08:29:53) | WARNING: ROCm SMI: Failed to get maximum GPU temperature, defaulting to 110°C

2025/02/05 (04:30:03) | ===> btop++ v.1.4.0
2025/02/05 (04:30:03) | WARNING: ROCm SMI: Failed to get maximum GPU temperature, defaulting to 110°C
2025/02/05 (04:30:03) | WARNING: ROCm SMI: Failed to get PCIe throughput

2025/02/05 (04:50:07) | ===> btop++ v.1.4.0
2025/02/05 (04:50:07) | WARNING: ROCm SMI: Failed to get maximum GPU temperature, defaulting to 110°C
2025/02/05 (04:50:07) | WARNING: ROCm SMI: Failed to get PCIe throughput

2025/02/05 (05:47:35) | ===> btop++ v.1.4.0
2025/02/05 (05:47:35) | WARNING: ROCm SMI: Failed to get maximum GPU temperature, defaulting to 110°C
2025/02/05 (05:47:35) | WARNING: ROCm SMI: Failed to get PCIe throughput

2025/02/05 (06:01:42) | ===> btop++ v.1.4.0
2025/02/05 (06:01:42) | WARNING: ROCm SMI: Failed to get maximum GPU temperature, defaulting to 110°C
2025/02/05 (06:01:42) | WARNING: ROCm SMI: Failed to get PCIe throughput

2025/02/14 (05:09:19) | ===> btop++ v.1.4.0
2025/02/14 (05:09:19) | WARNING: ROCm SMI: Failed to get maximum GPU temperature, defaulting to 110°C
2025/02/14 (05:09:19) | WARNING: ROCm SMI: Failed to get PCIe throughput
